<?xml version="1.0" encoding="UTF-8"?>
<!-- Generated by org.testng.reporters.JUnitReportReporter -->
<testsuite hostname="RadheRadhe" failures="0" tests="3" name="loanapplications.HomeLoanApplicationTests" time="0.010" errors="0" timestamp="2022-09-28T17:28:54 IST" skipped="0">
  <testcase classname="loanapplications.HomeLoanApplicationTests" name="WebHomeLoan" time="0.003"/>
  <system-out/>
  <testcase classname="loanapplications.HomeLoanApplicationTests" name="MobileHomeLoan" time="0.003"/>
  <system-out/>
  <testcase classname="loanapplications.HomeLoanApplicationTests" name="APIHomeLoan" time="0.004"/>
  <system-out/>
</testsuite> <!-- loanapplications.HomeLoanApplicationTests -->
