<?xml version="1.0" encoding="UTF-8"?>
<!-- Generated by org.testng.reporters.JUnitReportReporter -->
<testsuite hostname="RadheRadhe" failures="0" tests="1" name="testpkg.sample2" time="0.005" errors="0" timestamp="2022-09-28T17:28:54 IST" skipped="0">
  <testcase classname="testpkg.sample2" name="demo2" time="0.005"/>
  <system-out/>
</testsuite> <!-- testpkg.sample2 -->
